#
# A fatal error has been detected by the Java Runtime Environment:
#
#  EXCEPTION_ACCESS_VIOLATION (0xc0000005) at pc=0x09b3c157, pid=4112, tid=3880
#
# JRE version: 6.0_17-b04
# Java VM: Java HotSpot(TM) Client VM (14.3-b01 mixed mode windows-x86 )
# Problematic frame:
# C  0x09b3c157
#
# If you would like to submit a bug report, please visit:
#   http://java.sun.com/webapps/bugreport/crash.jsp
# The crash happened outside the Java Virtual Machine in native code.
# See problematic frame for where to report the bug.
#

---------------  T H R E A D  ---------------

Current thread (0x20abc000):  JavaThread "AWT-EventQueue-0" [_thread_in_native, id=3880, stack(0x21b30000,0x21bb0000)]

siginfo: ExceptionCode=0xc0000005, reading address 0x000003c0

Registers:
EAX=0x000000f0, EBX=0x00000000, ECX=0x105e0bfc, EDX=0x00000000
ESP=0x21baee24, EBP=0x00004830, ESI=0x06c10000, EDI=0x00000320
EIP=0x09b3c157, EFLAGS=0x00210217

Top of Stack: (sp=0x21baee24)
0x21baee24:   fffffff8 20abc110 06c0a240 ffffffe2
0x21baee34:   09b21cfc fff0f0f0 00000000 00000320
0x21baee44:   00000242 21baef38 00000000 09c1a9c0
0x21baee54:   21baeeb0 20abc000 1895d490 21baeff8
0x21baee64:   00000320 09c1a9c0 20edef58 00000008
0x21baee74:   00000000 20e58390 00000008 0000001e
0x21baee84:   00000328 00000260 00000008 0000001e
0x21baee94:   00000328 00000260 00000000 00000000 

Instructions: (pc=0x09b3c157)
0x09b3c147:   00 99 81 e2 ff 00 00 00 03 c2 c1 f8 08 0f b6 c0
0x09b3c157:   8a 14 83 83 c1 04 88 16 46 4f 75 bd 8b 7c 24 18 


Stack: [0x21b30000,0x21bb0000],  sp=0x21baee24,  free space=507k
Native frames: (J=compiled Java code, j=interpreted, Vv=VM code, C=native code)
C  0x09b3c157

[error occurred during error reporting (printing native stack), id 0xc0000005]

Java frames: (J=compiled Java code, j=interpreted, Vv=VM code)
J  sun.java2d.loops.Blit.Blit(Lsun/java2d/SurfaceData;Lsun/java2d/SurfaceData;Ljava/awt/Composite;Lsun/java2d/pipe/Region;IIIIII)V
J  sun.java2d.pipe.DrawImage.blitSurfaceData(Lsun/java2d/SunGraphics2D;Lsun/java2d/pipe/Region;Lsun/java2d/SurfaceData;Lsun/java2d/SurfaceData;Lsun/java2d/loops/SurfaceType;Lsun/java2d/loops/SurfaceType;IIIIIILjava/awt/Color;)V
J  sun.java2d.pipe.DrawImage.renderImageCopy(Lsun/java2d/SunGraphics2D;Ljava/awt/Image;Ljava/awt/Color;IIIIII)Z
j  sun.java2d.pipe.DrawImage.copyImage(Lsun/java2d/SunGraphics2D;Ljava/awt/Image;IILjava/awt/Color;)Z+45
J  sun.java2d.pipe.DrawImage.copyImage(Lsun/java2d/SunGraphics2D;Ljava/awt/Image;IILjava/awt/Color;Ljava/awt/image/ImageObserver;)Z
j  sun.java2d.pipe.ValidatePipe.copyImage(Lsun/java2d/SunGraphics2D;Ljava/awt/Image;IILjava/awt/Color;Ljava/awt/image/ImageObserver;)Z+21
J  sun.java2d.SunGraphics2D.drawImage(Ljava/awt/Image;IILjava/awt/Color;Ljava/awt/image/ImageObserver;)Z
j  sun.java2d.SunGraphics2D.drawImage(Ljava/awt/Image;IILjava/awt/image/ImageObserver;)Z+7
J  javax.swing.RepaintManager$PaintManager.paintDoubleBuffered(Ljavax/swing/JComponent;Ljava/awt/Image;Ljava/awt/Graphics;IIII)V
j  javax.swing.RepaintManager$PaintManager.paint(Ljavax/swing/JComponent;Ljavax/swing/JComponent;Ljava/awt/Graphics;IIII)Z+116
j  javax.swing.BufferStrategyPaintManager.paint(Ljavax/swing/JComponent;Ljavax/swing/JComponent;Ljava/awt/Graphics;IIII)Z+224
j  javax.swing.RepaintManager.paint(Ljavax/swing/JComponent;Ljavax/swing/JComponent;Ljava/awt/Graphics;IIII)V+52
J  javax.swing.JComponent.paint(Ljava/awt/Graphics;)V
j  java.awt.GraphicsCallback$PaintCallback.run(Ljava/awt/Component;Ljava/awt/Graphics;)V+2
j  sun.awt.SunGraphicsCallback.runOneComponent(Ljava/awt/Component;Ljava/awt/Rectangle;Ljava/awt/Graphics;Ljava/awt/Shape;I)V+155
j  sun.awt.SunGraphicsCallback.runComponents([Ljava/awt/Component;Ljava/awt/Graphics;I)V+104
j  java.awt.Container.paint(Ljava/awt/Graphics;)V+73
J  javax.swing.RepaintManager.paintDirtyRegions(Ljava/util/Map;)V
j  javax.swing.RepaintManager.paintDirtyRegions()V+46
j  javax.swing.RepaintManager.seqPaintDirtyRegions()V+73
j  javax.swing.SystemEventQueueUtilities$ComponentWorkRequest.run()V+36
J  java.awt.event.InvocationEvent.dispatch()V
J  java.awt.EventQueue.dispatchEvent(Ljava/awt/AWTEvent;)V
J  java.awt.EventDispatchThread.pumpOneEventForFilters(I)Z
j  java.awt.EventDispatchThread.pumpEventsForFilter(ILjava/awt/Conditional;Ljava/awt/EventFilter;)V+30
j  java.awt.EventDispatchThread.pumpEventsForHierarchy(ILjava/awt/Conditional;Ljava/awt/Component;)V+11
j  java.awt.EventDispatchThread.pumpEvents(ILjava/awt/Conditional;)V+4
j  java.awt.EventDispatchThread.pumpEvents(Ljava/awt/Conditional;)V+3
j  java.awt.EventDispatchThread.run()V+9
v  ~StubRoutines::call_stub

---------------  P R O C E S S  ---------------

Java Threads: ( => current thread )
  0x20ac1800 JavaThread "Code Analyzer updating thread" [_thread_blocked, id=168, stack(0x21a20000,0x21aa0000)]
  0x20aba000 JavaThread "Active Reference Queue Daemon" daemon [_thread_blocked, id=2944, stack(0x1f610000,0x1f690000)]
  0x20abcc00 JavaThread "Timer-22" daemon [_thread_blocked, id=724, stack(0x0bdd0000,0x0be50000)]
  0x20ac0800 JavaThread "Prefs Updater" daemon [_thread_blocked, id=4704, stack(0x1f4a0000,0x1f520000)]
  0x20ac0000 JavaThread "Timer-4" daemon [_thread_blocked, id=5600, stack(0x224d0000,0x22550000)]
  0x20abe800 JavaThread "Explorer NavigationContext request queue" [_thread_blocked, id=5584, stack(0x22440000,0x224c0000)]
  0x20abdc00 JavaThread "AddressBar directory emptiness poller" [_thread_blocked, id=5568, stack(0x21ab0000,0x21b30000)]
  0x20abd000 JavaThread "Timer-1" [_thread_blocked, id=5560, stack(0x22550000,0x225d0000)]
  0x20abc400 JavaThread "TimerQueue" daemon [_thread_blocked, id=5252, stack(0x22890000,0x22910000)]
=>0x20abc000 JavaThread "AWT-EventQueue-0" [_thread_in_native, id=3880, stack(0x21b30000,0x21bb0000)]
  0x20abb800 JavaThread "AWT-Shutdown" [_thread_blocked, id=2980, stack(0x1e140000,0x1e1c0000)]
  0x20abb400 JavaThread "FelixPackageAdmin" daemon [_thread_blocked, id=4464, stack(0x0b600000,0x0b680000)]
  0x20abac00 JavaThread "FelixStartLevel" daemon [_thread_blocked, id=3848, stack(0x21c00000,0x21c80000)]
  0x20aba800 JavaThread "FelixDispatchQueue" daemon [_thread_blocked, id=4460, stack(0x1f950000,0x1f9d0000)]
  0x1e9fc800 JavaThread "com.google.common.base.internal.Finalizer" daemon [_thread_blocked, id=5148, stack(0x0f5f0000,0x0f670000)]
  0x20905000 JavaThread "AWT-Windows" daemon [_thread_in_native, id=4428, stack(0x1f000000,0x1f080000)]
  0x20932c00 JavaThread "Java2D Disposer" daemon [_thread_blocked, id=3804, stack(0x0f540000,0x0f5c0000)]
  0x205ed000 JavaThread "Timer-0" [_thread_blocked, id=3924, stack(0x0fee0000,0x0ff60000)]
  0x20429400 JavaThread "EventMgr Dispatcher" daemon [_thread_in_native, id=3348, stack(0x075a0000,0x07da0000)]
  0x07e78400 JavaThread "Low Memory Detector" daemon [_thread_blocked, id=2448, stack(0x0b570000,0x0b5f0000)]
  0x07e74000 JavaThread "CompilerThread0" daemon [_thread_blocked, id=3132, stack(0x0f690000,0x0fe90000)]
  0x07e69400 JavaThread "Attach Listener" daemon [_thread_blocked, id=4168, stack(0x08fd0000,0x09050000)]
  0x07e36400 JavaThread "Finalizer" daemon [_thread_blocked, id=1892, stack(0x0acf0000,0x0ad70000)]
  0x07e31c00 JavaThread "Reference Handler" daemon [_thread_blocked, id=4172, stack(0x08f50000,0x08fd0000)]
  0x07db4000 JavaThread "main" [_thread_in_native, id=2100, stack(0x003c0000,0x00bc0000)]

Other Threads:
  0x07e2dc00 VMThread [stack: 0x0ed20000,0x0f520000] [id=2588]
  0x07e83000 WatcherThread [stack: 0x1e1f0000,0x1e9f0000] [id=3860]

VM state:not at safepoint (normal execution)

VM Mutex/Monitor currently owned by a thread: None

Heap
 def new generation   total 14848K, used 8668K [0x10010000, 0x11020000, 0x12010000)
  eden space 13248K,  62% used [0x10010000, 0x1081a920, 0x10d00000)
  from space 1600K,  27% used [0x10d00000, 0x10d6c7d0, 0x10e90000)
  to   space 1600K,   0% used [0x10e90000, 0x10e90000, 0x11020000)
 tenured generation   total 49152K, used 35136K [0x12010000, 0x15010000, 0x18010000)
   the space 49152K,  71% used [0x12010000, 0x14260260, 0x14260400, 0x15010000)
 compacting perm gen  total 39424K, used 39280K [0x18010000, 0x1a690000, 0x1e010000)
   the space 39424K,  99% used [0x18010000, 0x1a66c3c8, 0x1a66c400, 0x1a690000)
No shared spaces configured.

Dynamic libraries:
0x002f0000 - 0x0031b000 	C:\Program Files\MATLAB\R2012a\bin\win32\MATLAB.exe
0x77bf0000 - 0x77d32000 	C:\Windows\SYSTEM32\ntdll.dll
0x761c0000 - 0x76295000 	C:\Windows\system32\kernel32.dll
0x75de0000 - 0x75e2b000 	C:\Windows\system32\KERNELBASE.dll
0x7ef10000 - 0x7efc0000 	C:\Program Files\MATLAB\R2012a\bin\win32\libut.dll
0x7dce0000 - 0x7dd54000 	C:\Program Files\MATLAB\R2012a\bin\win32\libmwi18n.dll
0x10000000 - 0x10009000 	C:\Program Files\MATLAB\R2012a\bin\win32\libmwresource_core.dll
0x001f0000 - 0x0027e000 	C:\Windows\WinSxS\x86_microsoft.vc90.crt_1fc8b3b9a1e18e3b_9.0.30729.6161_none_50934f2ebcb7eb57\MSVCP90.dll
0x71600000 - 0x716a3000 	C:\Windows\WinSxS\x86_microsoft.vc90.crt_1fc8b3b9a1e18e3b_9.0.30729.6161_none_50934f2ebcb7eb57\MSVCR90.dll
0x736b0000 - 0x736d3000 	C:\Program Files\MATLAB\R2012a\bin\win32\boost_filesystem-vc90-mt-1_44.dll
0x73f70000 - 0x73f77000 	C:\Program Files\MATLAB\R2012a\bin\win32\boost_system-vc90-mt-1_44.dll
0x762a0000 - 0x76341000 	C:\Windows\system32\ADVAPI32.dll
0x76aa0000 - 0x76b4c000 	C:\Windows\system32\msvcrt.dll
0x77e20000 - 0x77e39000 	C:\Windows\SYSTEM32\sechost.dll
0x778d0000 - 0x77972000 	C:\Windows\system32\RPCRT4.dll
0x73550000 - 0x7356f000 	C:\Program Files\MATLAB\R2012a\bin\win32\LIBEXPAT.dll
0x72eb0000 - 0x73035000 	C:\Program Files\MATLAB\R2012a\bin\win32\icuin44.dll
0x7ea10000 - 0x7eb2f000 	C:\Program Files\MATLAB\R2012a\bin\win32\icuuc44.dll
0x00bc0000 - 0x01a01000 	C:\Program Files\MATLAB\R2012a\bin\win32\icudt44.dll
0x01a10000 - 0x01ae7000 	C:\Program Files\MATLAB\R2012a\bin\win32\libmwfl.dll
0x73cd0000 - 0x73f3b000 	C:\Program Files\MATLAB\R2012a\bin\win32\libmwMATLAB_res.dll
0x00320000 - 0x0032e000 	C:\Program Files\MATLAB\R2012a\bin\win32\boost_date_time-vc90-mt-1_44.dll
0x73c80000 - 0x73c8f000 	C:\Program Files\MATLAB\R2012a\bin\win32\boost_signals-vc90-mt-1_44.dll
0x00350000 - 0x0035e000 	C:\Program Files\MATLAB\R2012a\bin\win32\boost_thread-vc90-mt-1_44.dll
0x75ee0000 - 0x75f0b000 	C:\Windows\system32\imagehlp.dll
0x77d60000 - 0x77d65000 	C:\Windows\system32\PSAPI.DLL
0x00370000 - 0x0037f000 	C:\Program Files\MATLAB\R2012a\bin\win32\icuio44.dll
0x01af0000 - 0x01bdb000 	C:\Windows\system32\dbghelp.dll
0x77980000 - 0x77a49000 	C:\Windows\system32\USER32.dll
0x77d70000 - 0x77dbe000 	C:\Windows\system32\GDI32.dll
0x75e30000 - 0x75e3a000 	C:\Windows\system32\LPK.dll
0x75e40000 - 0x75edd000 	C:\Windows\system32\USP10.dll
0x754e0000 - 0x756e6000 	C:\Program Files\MATLAB\R2012a\bin\win32\libmwservices.dll
0x7db50000 - 0x7dbda000 	C:\Program Files\MATLAB\R2012a\bin\win32\libmx.dll
0x73730000 - 0x73744000 	C:\Program Files\MATLAB\R2012a\bin\win32\zlib1.dll
0x01be0000 - 0x01bf9000 	C:\Program Files\MATLAB\R2012a\bin\win32\libmwmfl_scalar.dll
0x7df40000 - 0x7df76000 	C:\Program Files\MATLAB\R2012a\bin\win32\mpath.dll
0x72990000 - 0x72d26000 	C:\Program Files\MATLAB\R2012a\bin\win32\mlutil.dll
0x01c30000 - 0x01c8c000 	C:\Program Files\MATLAB\R2012a\bin\win32\xmlcore.dll
0x71cf0000 - 0x71ea2000 	C:\Program Files\MATLAB\R2012a\bin\win32\xerces-c_2_7.dll
0x77de0000 - 0x77e15000 	C:\Windows\system32\WS2_32.dll
0x77dd0000 - 0x77dd6000 	C:\Windows\system32\NSI.dll
0x01cb0000 - 0x01cc5000 	C:\Program Files\MATLAB\R2012a\bin\win32\libmwMATLAB_settings_res.dll
0x01ce0000 - 0x01d19000 	C:\Program Files\MATLAB\R2012a\bin\win32\boost_serialization-vc90-mt-1_44.dll
0x01d30000 - 0x01d63000 	C:\Program Files\MATLAB\R2012a\bin\win32\tbb.dll
0x76c80000 - 0x778cc000 	C:\Windows\system32\SHELL32.dll
0x76630000 - 0x76687000 	C:\Windows\system32\SHLWAPI.dll
0x721d0000 - 0x72254000 	C:\Windows\WinSxS\x86_microsoft.windows.common-controls_6595b64144ccf1df_5.82.7601.18837_none_ec86b8d6858ec0bc\COMCTL32.dll
0x76a20000 - 0x76a9b000 	C:\Windows\system32\COMDLG32.dll
0x74190000 - 0x741a1000 	C:\Windows\system32\NETAPI32.dll
0x75280000 - 0x75289000 	C:\Windows\system32\netutils.dll
0x01d80000 - 0x01d99000 	C:\Windows\system32\srvcli.dll
0x74160000 - 0x7416f000 	C:\Windows\system32\wkscli.dll
0x763a0000 - 0x764fd000 	C:\Windows\system32\ole32.dll
0x76be0000 - 0x76c71000 	C:\Windows\system32\OLEAUT32.dll
0x7f270000 - 0x7f396000 	C:\Program Files\MATLAB\R2012a\bin\win32\mcr.dll
0x7d4b0000 - 0x7d74f000 	C:\Program Files\MATLAB\R2012a\bin\win32\iqm.dll
0x01dc0000 - 0x022cd000 	C:\Program Files\MATLAB\R2012a\bin\win32\m_interpreter.dll
0x022e0000 - 0x022fc000 	C:\Program Files\MATLAB\R2012a\bin\win32\libmex.dll
0x02310000 - 0x0238a000 	C:\Program Files\MATLAB\R2012a\bin\win32\m_dispatcher.dll
0x7f130000 - 0x7f1ec000 	C:\Program Files\MATLAB\R2012a\bin\win32\boost_regex-vc90-mt-1_44.dll
0x023b0000 - 0x0240c000 	C:\Program Files\MATLAB\R2012a\bin\win32\profiler.dll
0x02420000 - 0x0263a000 	C:\Program Files\MATLAB\R2012a\bin\win32\libmwmathutil.dll
0x734f0000 - 0x73513000 	C:\Program Files\MATLAB\R2012a\bin\win32\libmwmathrng.dll
0x7c390000 - 0x7c427000 	C:\Program Files\MATLAB\R2012a\bin\win32\libmwmathcore.dll
0x7e000000 - 0x7e04b000 	C:\Program Files\MATLAB\R2012a\bin\win32\libmwspmatrix.dll
0x7dbf0000 - 0x7dc3b000 	C:\Program Files\MATLAB\R2012a\bin\win32\libmwcholmod.dll
0x02690000 - 0x0269a000 	C:\Program Files\MATLAB\R2012a\bin\win32\libmwamd.dll
0x026b0000 - 0x026ba000 	C:\Program Files\MATLAB\R2012a\bin\win32\libmwcolamd.dll
0x026d0000 - 0x026e1000 	C:\Program Files\MATLAB\R2012a\bin\win32\libmwblas.dll
0x02700000 - 0x0270e000 	C:\Program Files\MATLAB\R2012a\bin\win32\libmwbinder.dll
0x02720000 - 0x02729000 	C:\Program Files\MATLAB\R2012a\bin\win32\libmwompwrapper.dll
0x02740000 - 0x0277a000 	C:\Program Files\MATLAB\R2012a\bin\win32\libmwlapack.dll
0x02790000 - 0x027a5000 	C:\Program Files\MATLAB\R2012a\bin\win32\m_pcodeio.dll
0x7e080000 - 0x7e0ca000 	C:\Program Files\MATLAB\R2012a\bin\win32\m_ir.dll
0x027d0000 - 0x02d09000 	C:\Program Files\MATLAB\R2012a\bin\win32\m_parser.dll
0x02d20000 - 0x02d32000 	C:\Program Files\MATLAB\R2012a\bin\win32\ir_xfmr.dll
0x02d50000 - 0x02ee7000 	C:\Program Files\MATLAB\R2012a\bin\win32\mcos.dll
0x02f00000 - 0x02f0a000 	C:\Program Files\MATLAB\R2012a\bin\win32\mtok.dll
0x02f20000 - 0x02f44000 	C:\Program Files\MATLAB\R2012a\bin\win32\m_pcodegen.dll
0x7e1c0000 - 0x7e1ea000 	C:\Program Files\MATLAB\R2012a\bin\win32\libmwbridge.dll
0x02f70000 - 0x03002000 	C:\Program Files\MATLAB\R2012a\bin\win32\udd.dll
0x03020000 - 0x0312d000 	C:\Program Files\MATLAB\R2012a\bin\win32\libmwgui.dll
0x03140000 - 0x03152000 	C:\Program Files\MATLAB\R2012a\bin\win32\graphics_util.dll
0x03170000 - 0x037ac000 	C:\Program Files\MATLAB\R2012a\bin\win32\hg.dll
0x037c0000 - 0x03802000 	C:\Program Files\MATLAB\R2012a\bin\win32\libmat.dll
0x03820000 - 0x03a05000 	C:\Program Files\MATLAB\R2012a\bin\win32\hdf5dll.dll
0x7d9d0000 - 0x7da51000 	C:\Program Files\MATLAB\R2012a\bin\win32\jmi.dll
0x03a30000 - 0x03a3b000 	C:\Program Files\MATLAB\R2012a\bin\win32\nativejava_services.dll
0x03a50000 - 0x03a82000 	C:\Program Files\MATLAB\R2012a\bin\win32\libmwhardcopy.dll
0x03aa0000 - 0x03adf000 	C:\Program Files\MATLAB\R2012a\bin\win32\libuij.dll
0x03af0000 - 0x03c46000 	C:\Program Files\MATLAB\R2012a\bin\win32\hgdatatypes.dll
0x03c60000 - 0x03d05000 	C:\Program Files\MATLAB\R2012a\bin\win32\hgutils.dll
0x03d20000 - 0x03da6000 	C:\Program Files\MATLAB\R2012a\bin\win32\udd_mi.dll
0x03dc0000 - 0x03def000 	C:\Program Files\MATLAB\R2012a\bin\win32\libmwgbtutils.dll
0x03e00000 - 0x03e13000 	C:\Program Files\MATLAB\R2012a\bin\win32\libmwgbt.dll
0x74dc0000 - 0x75057000 	C:\Program Files\MATLAB\R2012a\bin\win32\uiw.dll
0x03e40000 - 0x03e4d000 	C:\Program Files\MATLAB\R2012a\bin\win32\uinone.dll
0x03e60000 - 0x03e72000 	C:\Windows\system32\MPR.dll
0x03e80000 - 0x0421d000 	C:\Windows\WinSxS\x86_microsoft.vc90.mfc_1fc8b3b9a1e18e3b_9.0.30729.6161_none_4bf7e3e2bf9ada4c\mfc90.dll
0x728b0000 - 0x728b5000 	C:\Windows\system32\MSIMG32.dll
0x04220000 - 0x04271000 	C:\Windows\system32\WINSPOOL.DRV
0x04280000 - 0x04298000 	C:\Program Files\MATLAB\R2012a\bin\win32\mwoles05.DLL
0x042b0000 - 0x04304000 	C:\Program Files\MATLAB\R2012a\bin\win32\comcli.dll
0x04320000 - 0x0434b000 	C:\Windows\WinSxS\x86_microsoft.vc90.atl_1fc8b3b9a1e18e3b_9.0.30729.6161_none_51cd0a7abbe4e19b\ATL90.DLL
0x04350000 - 0x04359000 	C:\Program Files\MATLAB\R2012a\bin\win32\mlautoregister.dll
0x04370000 - 0x0437d000 	C:\Program Files\MATLAB\R2012a\bin\win32\boost_iostreams-vc90-mt-1_44.dll
0x77d40000 - 0x77d5f000 	C:\Windows\system32\IMM32.DLL
0x76500000 - 0x765cd000 	C:\Windows\system32\MSCTF.dll
0x745e0000 - 0x74620000 	C:\Windows\system32\UxTheme.dll
0x057f0000 - 0x05803000 	C:\Windows\system32\dwmapi.dll
0x05720000 - 0x0572e000 	C:\Windows\WinSxS\x86_microsoft.vc90.mfcloc_1fc8b3b9a1e18e3b_9.0.30729.6161_none_49768ef57548175e\MFC90RUS.DLL
0x05830000 - 0x0584d000 	C:\Program Files\MATLAB\R2012a\bin\win32\tbbmalloc.dll
0x75b00000 - 0x75b0b000 	C:\Windows\system32\profapi.dll
0x05870000 - 0x0587d000 	C:\Program Files\MATLAB\R2012a\bin\win32\xmlxrcsc.dll
0x759f0000 - 0x759fc000 	C:\Windows\system32\CRYPTBASE.dll
0x748b0000 - 0x74a4e000 	C:\Windows\WinSxS\x86_microsoft.windows.common-controls_6595b64144ccf1df_6.0.7601.18837_none_41e855142bd5705d\comctl32.dll
0x77a50000 - 0x77bed000 	C:\Windows\system32\SETUPAPI.dll
0x75db0000 - 0x75dd7000 	C:\Windows\system32\CFGMGR32.dll
0x75b40000 - 0x75b52000 	C:\Windows\system32\DEVOBJ.dll
0x76b50000 - 0x76bd3000 	C:\Windows\system32\CLBCatQ.DLL
0x74620000 - 0x74715000 	C:\Windows\system32\propsys.dll
0x05a30000 - 0x05a51000 	C:\Windows\system32\ntmarta.dll
0x76350000 - 0x76395000 	C:\Windows\system32\WLDAP32.dll
0x74b30000 - 0x74dbb000 	C:\Program Files\MATLAB\R2012a\sys\java\jre\win32\jre\bin\client\jvm.dll
0x741b0000 - 0x741e2000 	C:\Windows\system32\WINMM.dll
0x7d910000 - 0x7d966000 	C:\Program Files\MATLAB\R2012a\bin\win32\MSVCR71.dll
0x759a0000 - 0x759ec000 	C:\Windows\system32\apphelp.dll

VM Arguments:
jvm_args: -Xss512k -XX:PermSize=32m -Xms64m -XX:NewRatio=3 -XX:MaxPermSize=96m -Xmx128m -XX:MaxDirectMemorySize=1200000000 -Dsun.java2d.noddraw=true -Dsun.awt.nopixfmt=true -Xshare:off -Xrs -Dsun.awt.disableMixing=true -Djava.library.path=C:\Program Files\MATLAB\R2012a\bin\win32 vfprintf abort 
java_command: <unknown>
Launcher Type: generic

Environment Variables:
PATH=C:\Program Files\Autodesk\Alias2013\bin;C:\Program Files\NVIDIA Corporation\PhysX\Common;C:\Windows\Microsoft.NET\Framework\v1.1.4322\;C:\Program Files\Borland\BDS\4.0\Bin;C:\Program Files\Common Files\Microsoft Shared\Windows Live;C:\Windows\system32;C:\Windows;C:\Windows\System32\Wbem;C:\Windows\System32\WindowsPowerShell\v1.0\;C:\Program Files\Windows Live\Shared;C:\FPC\2.4.2\bin\i386-Win32;C:\Program Files\Common Files\Autodesk Shared\;C:\Program Files\MATLAB\R2012a\bin;C:\Program Files\MATLAB\MATLAB Compiler Runtime\v717\runtime\win32;C:\Program Files\Autodesk\Backburner\;C:\Windows\System32\WindowsPowerShell\v1.0\;C:\Program Files\Common Files\Adobe\AGL;C:\Windows\System32\WindowsPowerShell\v1.0\;C:\Windows\System32\WindowsPowerShell\v1.0\
USERNAME=erofeevnp
OS=Windows_NT
PROCESSOR_IDENTIFIER=x86 Family 15 Model 67 Stepping 3, AuthenticAMD



---------------  S Y S T E M  ---------------

OS: Windows 7 Build 7601 Service Pack 1

CPU:total 2 (2 cores per cpu, 1 threads per core) family 15 model 67 stepping 3, cmov, cx8, fxsr, mmx, sse, sse2, sse3, mmxext, 3dnow, 3dnowext

Memory: 4k page, physical 2095608k(187108k free), swap 4191216k(1950788k free)

vm_info: Java HotSpot(TM) Client VM (14.3-b01) for windows-x86 JRE (1.6.0_17-b04), built on Oct 11 2009 00:52:06 by "java_re" with MS VC++ 7.1

time: Mon Sep 18 12:15:07 2017
elapsed time: 639 seconds

